Startpoint: _09657_ (rising edge-triggered flip-flop clocked by clk)
Endpoint: _09667_ (rising edge-triggered flip-flop clocked by clk)
Path Group: clk
Path Type: min

  Delay    Time   Description
---------------------------------------------------------
   0.00    0.00   clock clk (rise edge)
   0.00    0.00   clock network delay (ideal)
   0.00    0.00 ^ _09657_/CLK (sky130_fd_sc_hd__dfxtp_2)
   0.17    0.17 ^ _09657_/Q (sky130_fd_sc_hd__dfxtp_2)
   0.00    0.17 ^ _09667_/D (sky130_fd_sc_hd__dfxtp_2)
           0.17   data arrival time

   0.00    0.00   clock clk (rise edge)
   0.00    0.00   clock network delay (ideal)
   0.00    0.00   clock reconvergence pessimism
           0.00 ^ _09667_/CLK (sky130_fd_sc_hd__dfxtp_2)
  -0.02   -0.02   library hold time
          -0.02   data required time
---------------------------------------------------------
          -0.02   data required time
          -0.17   data arrival time
---------------------------------------------------------
           0.19   slack (MET)


Startpoint: _09849_ (rising edge-triggered flip-flop clocked by clk)
Endpoint: _09998_ (rising edge-triggered flip-flop clocked by clk)
Path Group: clk
Path Type: max

  Delay    Time   Description
---------------------------------------------------------
   0.00    0.00   clock clk (rise edge)
   0.00    0.00   clock network delay (ideal)
   0.00    0.00 ^ _09849_/CLK (sky130_fd_sc_hd__dfxtp_2)
   0.64    0.64 ^ _09849_/Q (sky130_fd_sc_hd__dfxtp_2)
   0.31    0.96 ^ _05782_/X (sky130_fd_sc_hd__buf_1)
   0.49    1.45 ^ _05804_/X (sky130_fd_sc_hd__buf_1)
   0.42    1.87 ^ _05868_/X (sky130_fd_sc_hd__o22a_2)
   0.07    1.94 v _05869_/Y (sky130_fd_sc_hd__inv_2)
   1.50    3.44 v _05874_/X (sky130_fd_sc_hd__or4_2)
   1.50    4.94 v _05883_/X (sky130_fd_sc_hd__or4b_2)
   0.48    5.42 ^ _05889_/Y (sky130_fd_sc_hd__o21ai_0)
   0.17    5.59 v _05890_/Y (sky130_fd_sc_hd__inv_2)
   1.04    6.62 v _05893_/X (sky130_fd_sc_hd__or3b_2)
   0.74    7.37 v _05897_/X (sky130_fd_sc_hd__o311a_2)
   0.72    8.09 v _05898_/X (sky130_fd_sc_hd__o311a_2)
   0.38    8.46 v _05899_/X (sky130_fd_sc_hd__o22a_2)
   0.24    8.71 v _05901_/X (sky130_fd_sc_hd__and2_0)
   0.46    9.17 ^ _06147_/Y (sky130_fd_sc_hd__o21ai_0)
   0.46    9.62 ^ _06148_/X (sky130_fd_sc_hd__o22a_2)
   0.33    9.95 ^ _06955_/X (sky130_fd_sc_hd__buf_1)
   0.45   10.41 ^ _07248_/X (sky130_fd_sc_hd__o221a_2)
   0.00   10.41 ^ _09998_/D (sky130_fd_sc_hd__dfxtp_2)
          10.41   data arrival time

  24.73   24.73   clock clk (rise edge)
   0.00   24.73   clock network delay (ideal)
   0.00   24.73   clock reconvergence pessimism
          24.73 ^ _09998_/CLK (sky130_fd_sc_hd__dfxtp_2)
  -0.15   24.58   library setup time
          24.58   data required time
---------------------------------------------------------
          24.58   data required time
         -10.41   data arrival time
---------------------------------------------------------
          14.17   slack (MET)


