
23. Printing statistics.

=== mythcore ===

   Number of wires:               6162
   Number of wire bits:           6171
   Number of public wires:        1404
   Number of public wire bits:    1413
   Number of memories:               0
   Number of memory bits:            0
   Number of processes:              0
   Number of cells:               6169
     sky130_fd_sc_hd__a2111oi_0      8
     sky130_fd_sc_hd__a211o_2       35
     sky130_fd_sc_hd__a21boi_0      42
     sky130_fd_sc_hd__a21o_2         2
     sky130_fd_sc_hd__a21oi_2        8
     sky130_fd_sc_hd__a221o_2      138
     sky130_fd_sc_hd__a22o_2         7
     sky130_fd_sc_hd__a22oi_2        2
     sky130_fd_sc_hd__a2bb2o_2       5
     sky130_fd_sc_hd__a2bb2oi_2      8
     sky130_fd_sc_hd__a31o_2         4
     sky130_fd_sc_hd__a31oi_2        3
     sky130_fd_sc_hd__a32o_2         2
     sky130_fd_sc_hd__a41o_2         1
     sky130_fd_sc_hd__and2_0         1
     sky130_fd_sc_hd__and3_2         8
     sky130_fd_sc_hd__and4_2         2
     sky130_fd_sc_hd__buf_1        383
     sky130_fd_sc_hd__conb_1         2
     sky130_fd_sc_hd__dfxtp_2     1273
     sky130_fd_sc_hd__inv_2        150
     sky130_fd_sc_hd__lpflow_clkbufkapwr_1    695
     sky130_fd_sc_hd__lpflow_clkinvkapwr_1    993
     sky130_fd_sc_hd__lpflow_clkinvkapwr_2     35
     sky130_fd_sc_hd__lpflow_inputiso0n_1      5
     sky130_fd_sc_hd__lpflow_inputiso1n_1      1
     sky130_fd_sc_hd__lpflow_isobufsrc_1     42
     sky130_fd_sc_hd__nand2_2       58
     sky130_fd_sc_hd__nor2_2        73
     sky130_fd_sc_hd__o211a_2        3
     sky130_fd_sc_hd__o211ai_2       1
     sky130_fd_sc_hd__o21ai_0      356
     sky130_fd_sc_hd__o21ba_2        1
     sky130_fd_sc_hd__o221a_2      930
     sky130_fd_sc_hd__o221ai_2     225
     sky130_fd_sc_hd__o22a_2       452
     sky130_fd_sc_hd__o22ai_2       32
     sky130_fd_sc_hd__o2bb2a_2      17
     sky130_fd_sc_hd__o311a_2        4
     sky130_fd_sc_hd__o311ai_0       7
     sky130_fd_sc_hd__o31a_2         6
     sky130_fd_sc_hd__o32a_2         2
     sky130_fd_sc_hd__or2_2         22
     sky130_fd_sc_hd__or3_2         10
     sky130_fd_sc_hd__or3b_2         1
     sky130_fd_sc_hd__or4_2        111
     sky130_fd_sc_hd__or4b_2         2
     sky130_fd_sc_hd__xor3_1         1

   Chip area for module '\mythcore': 61786.758400

